2023-02-09T20:35:32.369+08:00  WARN 1380 --- [restartedMain] org.hibernate.orm.deprecation            : HHH90000021: Encountered deprecated setting [javax.persistence.sharedCache.mode], use [jakarta.persistence.sharedCache.mode] instead
2023-02-09T20:35:33.816+08:00  WARN 1380 --- [restartedMain] ConfigServletWebServerApplicationContext : Exception encountered during context initialization - cancelling refresh attempt: org.springframework.beans.factory.UnsatisfiedDependencyException: Error creating bean with name 'orderController' defined in file [D:\Desktop\Spring\taco\target\classes\com\tacos\controllers\OrderController.class]: Unsatisfied dependency expressed through constructor parameter 0: Error creating bean with name 'orderRepository' defined in com.tacos.repository.jpa.OrderRepository defined in @EnableJpaRepositories declared on JpaRepositoriesRegistrar.EnableJpaRepositoriesConfiguration: Could not create query for public abstract java.util.List com.tacos.repository.jpa.OrderRepository.findByUserOrderByPlacedAtDesc(com.tacos.data.User,org.springframework.data.domain.Pageable); Reason: Failed to create query for method public abstract java.util.List com.tacos.repository.jpa.OrderRepository.findByUserOrderByPlacedAtDesc(com.tacos.data.User,org.springframework.data.domain.Pageable); No property 'placedAt' found for type 'Order' Did you mean ''placeAt''
2023-02-09T20:35:33.869+08:00 ERROR 1380 --- [restartedMain] o.s.boot.SpringApplication               : Application run failed

org.springframework.beans.factory.UnsatisfiedDependencyException: Error creating bean with name 'orderController' defined in file [D:\Desktop\Spring\taco\target\classes\com\tacos\controllers\OrderController.class]: Unsatisfied dependency expressed through constructor parameter 0: Error creating bean with name 'orderRepository' defined in com.tacos.repository.jpa.OrderRepository defined in @EnableJpaRepositories declared on JpaRepositoriesRegistrar.EnableJpaRepositoriesConfiguration: Could not create query for public abstract java.util.List com.tacos.repository.jpa.OrderRepository.findByUserOrderByPlacedAtDesc(com.tacos.data.User,org.springframework.data.domain.Pageable); Reason: Failed to create query for method public abstract java.util.List com.tacos.repository.jpa.OrderRepository.findByUserOrderByPlacedAtDesc(com.tacos.data.User,org.springframework.data.domain.Pageable); No property 'placedAt' found for type 'Order' Did you mean ''placeAt''
	at org.springframework.beans.factory.support.ConstructorResolver.createArgumentArray(ConstructorResolver.java:798) ~[spring-beans-6.0.3.jar:6.0.3]
	at org.springframework.beans.factory.support.ConstructorResolver.autowireConstructor(ConstructorResolver.java:245) ~[spring-beans-6.0.3.jar:6.0.3]
	at org.springframework.beans.factory.support.AbstractAutowireCapableBeanFactory.autowireConstructor(AbstractAutowireCapableBeanFactory.java:1344) ~[spring-beans-6.0.3.jar:6.0.3]
	at org.springframework.beans.factory.support.AbstractAutowireCapableBeanFactory.createBeanInstance(AbstractAutowireCapableBeanFactory.java:1188) ~[spring-beans-6.0.3.jar:6.0.3]
	at org.springframework.beans.factory.support.AbstractAutowireCapableBeanFactory.doCreateBean(AbstractAutowireCapableBeanFactory.java:561) ~[spring-beans-6.0.3.jar:6.0.3]
	at org.springframework.beans.factory.support.AbstractAutowireCapableBeanFactory.createBean(AbstractAutowireCapableBeanFactory.java:521) ~[spring-beans-6.0.3.jar:6.0.3]
	at org.springframework.beans.factory.support.AbstractBeanFactory.lambda$doGetBean$0(AbstractBeanFactory.java:326) ~[spring-beans-6.0.3.jar:6.0.3]
	at org.springframework.beans.factory.support.DefaultSingletonBeanRegistry.getSingleton(DefaultSingletonBeanRegistry.java:234) ~[spring-beans-6.0.3.jar:6.0.3]
	at org.springframework.beans.factory.support.AbstractBeanFactory.doGetBean(AbstractBeanFactory.java:324) ~[spring-beans-6.0.3.jar:6.0.3]
	at org.springframework.beans.factory.support.AbstractBeanFactory.getBean(AbstractBeanFactory.java:200) ~[spring-beans-6.0.3.jar:6.0.3]
	at org.springframework.beans.factory.support.DefaultListableBeanFactory.preInstantiateSingletons(DefaultListableBeanFactory.java:961) ~[spring-beans-6.0.3.jar:6.0.3]
	at org.springframework.context.support.AbstractApplicationContext.finishBeanFactoryInitialization(AbstractApplicationContext.java:915) ~[spring-context-6.0.3.jar:6.0.3]
	at org.springframework.context.support.AbstractApplicationContext.refresh(AbstractApplicationContext.java:584) ~[spring-context-6.0.3.jar:6.0.3]
	at org.springframework.boot.web.servlet.context.ServletWebServerApplicationContext.refresh(ServletWebServerApplicationContext.java:146) ~[spring-boot-3.0.1.jar:3.0.1]
	at org.springframework.boot.SpringApplication.refresh(SpringApplication.java:730) ~[spring-boot-3.0.1.jar:3.0.1]
	at org.springframework.boot.SpringApplication.refreshContext(SpringApplication.java:432) ~[spring-boot-3.0.1.jar:3.0.1]
	at org.springframework.boot.SpringApplication.run(SpringApplication.java:308) ~[spring-boot-3.0.1.jar:3.0.1]
	at org.springframework.boot.SpringApplication.run(SpringApplication.java:1302) ~[spring-boot-3.0.1.jar:3.0.1]
	at org.springframework.boot.SpringApplication.run(SpringApplication.java:1291) ~[spring-boot-3.0.1.jar:3.0.1]
	at com.tacos.DemoApplication.main(DemoApplication.java:10) ~[classes/:na]
	at java.base/jdk.internal.reflect.NativeMethodAccessorImpl.invoke0(Native Method) ~[na:na]
	at java.base/jdk.internal.reflect.NativeMethodAccessorImpl.invoke(NativeMethodAccessorImpl.java:77) ~[na:na]
	at java.base/jdk.internal.reflect.DelegatingMethodAccessorImpl.invoke(DelegatingMethodAccessorImpl.java:43) ~[na:na]
	at java.base/java.lang.reflect.Method.invoke(Method.java:568) ~[na:na]
	at org.springframework.boot.devtools.restart.RestartLauncher.run(RestartLauncher.java:49) ~[spring-boot-devtools-3.0.1.jar:3.0.1]
Caused by: org.springframework.beans.factory.BeanCreationException: Error creating bean with name 'orderRepository' defined in com.tacos.repository.jpa.OrderRepository defined in @EnableJpaRepositories declared on JpaRepositoriesRegistrar.EnableJpaRepositoriesConfiguration: Could not create query for public abstract java.util.List com.tacos.repository.jpa.OrderRepository.findByUserOrderByPlacedAtDesc(com.tacos.data.User,org.springframework.data.domain.Pageable); Reason: Failed to create query for method public abstract java.util.List com.tacos.repository.jpa.OrderRepository.findByUserOrderByPlacedAtDesc(com.tacos.data.User,org.springframework.data.domain.Pageable); No property 'placedAt' found for type 'Order' Did you mean ''placeAt''
	at org.springframework.beans.factory.support.AbstractAutowireCapableBeanFactory.initializeBean(AbstractAutowireCapableBeanFactory.java:1751) ~[spring-beans-6.0.3.jar:6.0.3]
	at org.springframework.beans.factory.support.AbstractAutowireCapableBeanFactory.doCreateBean(AbstractAutowireCapableBeanFactory.java:599) ~[spring-beans-6.0.3.jar:6.0.3]
	at org.springframework.beans.factory.support.AbstractAutowireCapableBeanFactory.createBean(AbstractAutowireCapableBeanFactory.java:521) ~[spring-beans-6.0.3.jar:6.0.3]
	at org.springframework.beans.factory.support.AbstractBeanFactory.lambda$doGetBean$0(AbstractBeanFactory.java:326) ~[spring-beans-6.0.3.jar:6.0.3]
	at org.springframework.beans.factory.support.DefaultSingletonBeanRegistry.getSingleton(DefaultSingletonBeanRegistry.java:234) ~[spring-beans-6.0.3.jar:6.0.3]
	at org.springframework.beans.factory.support.AbstractBeanFactory.doGetBean(AbstractBeanFactory.java:324) ~[spring-beans-6.0.3.jar:6.0.3]
	at org.springframework.beans.factory.support.AbstractBeanFactory.getBean(AbstractBeanFactory.java:200) ~[spring-beans-6.0.3.jar:6.0.3]
	at org.springframework.beans.factory.config.DependencyDescriptor.resolveCandidate(DependencyDescriptor.java:254) ~[spring-beans-6.0.3.jar:6.0.3]
	at org.springframework.beans.factory.support.DefaultListableBeanFactory.doResolveDependency(DefaultListableBeanFactory.java:1405) ~[spring-beans-6.0.3.jar:6.0.3]
	at org.springframework.beans.factory.support.DefaultListableBeanFactory.resolveDependency(DefaultListableBeanFactory.java:1325) ~[spring-beans-6.0.3.jar:6.0.3]
	at org.springframework.beans.factory.support.ConstructorResolver.resolveAutowiredArgument(ConstructorResolver.java:885) ~[spring-beans-6.0.3.jar:6.0.3]
	at org.springframework.beans.factory.support.ConstructorResolver.createArgumentArray(ConstructorResolver.java:789) ~[spring-beans-6.0.3.jar:6.0.3]
	... 24 common frames omitted
Caused by: org.springframework.data.repository.query.QueryCreationException: Could not create query for public abstract java.util.List com.tacos.repository.jpa.OrderRepository.findByUserOrderByPlacedAtDesc(com.tacos.data.User,org.springframework.data.domain.Pageable); Reason: Failed to create query for method public abstract java.util.List com.tacos.repository.jpa.OrderRepository.findByUserOrderByPlacedAtDesc(com.tacos.data.User,org.springframework.data.domain.Pageable); No property 'placedAt' found for type 'Order' Did you mean ''placeAt''
	at org.springframework.data.repository.query.QueryCreationException.create(QueryCreationException.java:101) ~[spring-data-commons-3.0.0.jar:3.0.0]
	at org.springframework.data.repository.core.support.QueryExecutorMethodInterceptor.lookupQuery(QueryExecutorMethodInterceptor.java:115) ~[spring-data-commons-3.0.0.jar:3.0.0]
	at org.springframework.data.repository.core.support.QueryExecutorMethodInterceptor.mapMethodsToQuery(QueryExecutorMethodInterceptor.java:99) ~[spring-data-commons-3.0.0.jar:3.0.0]
	at org.springframework.data.repository.core.support.QueryExecutorMethodInterceptor.lambda$new$0(QueryExecutorMethodInterceptor.java:88) ~[spring-data-commons-3.0.0.jar:3.0.0]
	at java.base/java.util.Optional.map(Optional.java:260) ~[na:na]
	at org.springframework.data.repository.core.support.QueryExecutorMethodInterceptor.<init>(QueryExecutorMethodInterceptor.java:88) ~[spring-data-commons-3.0.0.jar:3.0.0]
	at org.springframework.data.repository.core.support.RepositoryFactorySupport.getRepository(RepositoryFactorySupport.java:357) ~[spring-data-commons-3.0.0.jar:3.0.0]
	at org.springframework.data.repository.core.support.RepositoryFactoryBeanSupport.lambda$afterPropertiesSet$5(RepositoryFactoryBeanSupport.java:279) ~[spring-data-commons-3.0.0.jar:3.0.0]
	at org.springframework.data.util.Lazy.getNullable(Lazy.java:229) ~[spring-data-commons-3.0.0.jar:3.0.0]
	at org.springframework.data.util.Lazy.get(Lazy.java:113) ~[spring-data-commons-3.0.0.jar:3.0.0]
	at org.springframework.data.repository.core.support.RepositoryFactoryBeanSupport.afterPropertiesSet(RepositoryFactoryBeanSupport.java:285) ~[spring-data-commons-3.0.0.jar:3.0.0]
	at org.springframework.data.jpa.repository.support.JpaRepositoryFactoryBean.afterPropertiesSet(JpaRepositoryFactoryBean.java:132) ~[spring-data-jpa-3.0.0.jar:3.0.0]
	at org.springframework.beans.factory.support.AbstractAutowireCapableBeanFactory.invokeInitMethods(AbstractAutowireCapableBeanFactory.java:1797) ~[spring-beans-6.0.3.jar:6.0.3]
	at org.springframework.beans.factory.support.AbstractAutowireCapableBeanFactory.initializeBean(AbstractAutowireCapableBeanFactory.java:1747) ~[spring-beans-6.0.3.jar:6.0.3]
	... 35 common frames omitted
Caused by: java.lang.IllegalArgumentException: Failed to create query for method public abstract java.util.List com.tacos.repository.jpa.OrderRepository.findByUserOrderByPlacedAtDesc(com.tacos.data.User,org.springframework.data.domain.Pageable); No property 'placedAt' found for type 'Order' Did you mean ''placeAt''
	at org.springframework.data.jpa.repository.query.PartTreeJpaQuery.<init>(PartTreeJpaQuery.java:96) ~[spring-data-jpa-3.0.0.jar:3.0.0]
	at org.springframework.data.jpa.repository.query.JpaQueryLookupStrategy$CreateQueryLookupStrategy.resolveQuery(JpaQueryLookupStrategy.java:124) ~[spring-data-jpa-3.0.0.jar:3.0.0]
	at org.springframework.data.jpa.repository.query.JpaQueryLookupStrategy$CreateIfNotFoundQueryLookupStrategy.resolveQuery(JpaQueryLookupStrategy.java:258) ~[spring-data-jpa-3.0.0.jar:3.0.0]
	at org.springframework.data.jpa.repository.query.JpaQueryLookupStrategy$AbstractQueryLookupStrategy.resolveQuery(JpaQueryLookupStrategy.java:95) ~[spring-data-jpa-3.0.0.jar:3.0.0]
	at org.springframework.data.repository.core.support.QueryExecutorMethodInterceptor.lookupQuery(QueryExecutorMethodInterceptor.java:111) ~[spring-data-commons-3.0.0.jar:3.0.0]
	... 47 common frames omitted
Caused by: org.springframework.data.mapping.PropertyReferenceException: No property 'placedAt' found for type 'Order' Did you mean ''placeAt''
	at org.springframework.data.mapping.PropertyPath.<init>(PropertyPath.java:90) ~[spring-data-commons-3.0.0.jar:3.0.0]
	at org.springframework.data.mapping.PropertyPath.create(PropertyPath.java:423) ~[spring-data-commons-3.0.0.jar:3.0.0]
	at org.springframework.data.mapping.PropertyPath.create(PropertyPath.java:399) ~[spring-data-commons-3.0.0.jar:3.0.0]
	at org.springframework.data.mapping.PropertyPath.lambda$from$0(PropertyPath.java:352) ~[spring-data-commons-3.0.0.jar:3.0.0]
	at java.base/java.util.concurrent.ConcurrentMap.computeIfAbsent(ConcurrentMap.java:330) ~[na:na]
	at org.springframework.data.mapping.PropertyPath.from(PropertyPath.java:334) ~[spring-data-commons-3.0.0.jar:3.0.0]
	at org.springframework.data.mapping.PropertyPath.from(PropertyPath.java:317) ~[spring-data-commons-3.0.0.jar:3.0.0]
	at org.springframework.data.repository.query.parser.OrderBySource.lambda$createOrder$2(OrderBySource.java:112) ~[spring-data-commons-3.0.0.jar:3.0.0]
	at java.base/java.util.Optional.map(Optional.java:260) ~[na:na]
	at org.springframework.data.repository.query.parser.OrderBySource.createOrder(OrderBySource.java:110) ~[spring-data-commons-3.0.0.jar:3.0.0]
	at org.springframework.data.repository.query.parser.OrderBySource.<init>(OrderBySource.java:94) ~[spring-data-commons-3.0.0.jar:3.0.0]
	at org.springframework.data.repository.query.parser.PartTree$Predicate.<init>(PartTree.java:375) ~[spring-data-commons-3.0.0.jar:3.0.0]
	at org.springframework.data.repository.query.parser.PartTree.<init>(PartTree.java:96) ~[spring-data-commons-3.0.0.jar:3.0.0]
	at org.springframework.data.jpa.repository.query.PartTreeJpaQuery.<init>(PartTreeJpaQuery.java:89) ~[spring-data-jpa-3.0.0.jar:3.0.0]
	... 51 common frames omitted

2023-02-09T20:36:37.218+08:00  WARN 13960 --- [restartedMain] org.hibernate.orm.deprecation            : HHH90000021: Encountered deprecated setting [javax.persistence.sharedCache.mode], use [jakarta.persistence.sharedCache.mode] instead
2023-02-09T20:36:38.514+08:00  WARN 13960 --- [restartedMain] ConfigServletWebServerApplicationContext : Exception encountered during context initialization - cancelling refresh attempt: org.springframework.beans.factory.UnsatisfiedDependencyException: Error creating bean with name 'orderController' defined in file [D:\Desktop\Spring\taco\target\classes\com\tacos\controllers\OrderController.class]: Unsatisfied dependency expressed through constructor parameter 0: Error creating bean with name 'orderRepository' defined in com.tacos.repository.jpa.OrderRepository defined in @EnableJpaRepositories declared on JpaRepositoriesRegistrar.EnableJpaRepositoriesConfiguration: Could not create query for public abstract java.util.List com.tacos.repository.jpa.OrderRepository.findByUserOrderByPlacedAtDesc(com.tacos.data.User,org.springframework.data.domain.Pageable); Reason: Failed to create query for method public abstract java.util.List com.tacos.repository.jpa.OrderRepository.findByUserOrderByPlacedAtDesc(com.tacos.data.User,org.springframework.data.domain.Pageable); No property 'placedAt' found for type 'Order' Did you mean ''placeAt''
2023-02-09T20:36:38.560+08:00 ERROR 13960 --- [restartedMain] o.s.boot.SpringApplication               : Application run failed

org.springframework.beans.factory.UnsatisfiedDependencyException: Error creating bean with name 'orderController' defined in file [D:\Desktop\Spring\taco\target\classes\com\tacos\controllers\OrderController.class]: Unsatisfied dependency expressed through constructor parameter 0: Error creating bean with name 'orderRepository' defined in com.tacos.repository.jpa.OrderRepository defined in @EnableJpaRepositories declared on JpaRepositoriesRegistrar.EnableJpaRepositoriesConfiguration: Could not create query for public abstract java.util.List com.tacos.repository.jpa.OrderRepository.findByUserOrderByPlacedAtDesc(com.tacos.data.User,org.springframework.data.domain.Pageable); Reason: Failed to create query for method public abstract java.util.List com.tacos.repository.jpa.OrderRepository.findByUserOrderByPlacedAtDesc(com.tacos.data.User,org.springframework.data.domain.Pageable); No property 'placedAt' found for type 'Order' Did you mean ''placeAt''
	at org.springframework.beans.factory.support.ConstructorResolver.createArgumentArray(ConstructorResolver.java:798) ~[spring-beans-6.0.3.jar:6.0.3]
	at org.springframework.beans.factory.support.ConstructorResolver.autowireConstructor(ConstructorResolver.java:245) ~[spring-beans-6.0.3.jar:6.0.3]
	at org.springframework.beans.factory.support.AbstractAutowireCapableBeanFactory.autowireConstructor(AbstractAutowireCapableBeanFactory.java:1344) ~[spring-beans-6.0.3.jar:6.0.3]
	at org.springframework.beans.factory.support.AbstractAutowireCapableBeanFactory.createBeanInstance(AbstractAutowireCapableBeanFactory.java:1188) ~[spring-beans-6.0.3.jar:6.0.3]
	at org.springframework.beans.factory.support.AbstractAutowireCapableBeanFactory.doCreateBean(AbstractAutowireCapableBeanFactory.java:561) ~[spring-beans-6.0.3.jar:6.0.3]
	at org.springframework.beans.factory.support.AbstractAutowireCapableBeanFactory.createBean(AbstractAutowireCapableBeanFactory.java:521) ~[spring-beans-6.0.3.jar:6.0.3]
	at org.springframework.beans.factory.support.AbstractBeanFactory.lambda$doGetBean$0(AbstractBeanFactory.java:326) ~[spring-beans-6.0.3.jar:6.0.3]
	at org.springframework.beans.factory.support.DefaultSingletonBeanRegistry.getSingleton(DefaultSingletonBeanRegistry.java:234) ~[spring-beans-6.0.3.jar:6.0.3]
	at org.springframework.beans.factory.support.AbstractBeanFactory.doGetBean(AbstractBeanFactory.java:324) ~[spring-beans-6.0.3.jar:6.0.3]
	at org.springframework.beans.factory.support.AbstractBeanFactory.getBean(AbstractBeanFactory.java:200) ~[spring-beans-6.0.3.jar:6.0.3]
	at org.springframework.beans.factory.support.DefaultListableBeanFactory.preInstantiateSingletons(DefaultListableBeanFactory.java:961) ~[spring-beans-6.0.3.jar:6.0.3]
	at org.springframework.context.support.AbstractApplicationContext.finishBeanFactoryInitialization(AbstractApplicationContext.java:915) ~[spring-context-6.0.3.jar:6.0.3]
	at org.springframework.context.support.AbstractApplicationContext.refresh(AbstractApplicationContext.java:584) ~[spring-context-6.0.3.jar:6.0.3]
	at org.springframework.boot.web.servlet.context.ServletWebServerApplicationContext.refresh(ServletWebServerApplicationContext.java:146) ~[spring-boot-3.0.1.jar:3.0.1]
	at org.springframework.boot.SpringApplication.refresh(SpringApplication.java:730) ~[spring-boot-3.0.1.jar:3.0.1]
	at org.springframework.boot.SpringApplication.refreshContext(SpringApplication.java:432) ~[spring-boot-3.0.1.jar:3.0.1]
	at org.springframework.boot.SpringApplication.run(SpringApplication.java:308) ~[spring-boot-3.0.1.jar:3.0.1]
	at org.springframework.boot.SpringApplication.run(SpringApplication.java:1302) ~[spring-boot-3.0.1.jar:3.0.1]
	at org.springframework.boot.SpringApplication.run(SpringApplication.java:1291) ~[spring-boot-3.0.1.jar:3.0.1]
	at com.tacos.DemoApplication.main(DemoApplication.java:10) ~[classes/:na]
	at java.base/jdk.internal.reflect.NativeMethodAccessorImpl.invoke0(Native Method) ~[na:na]
	at java.base/jdk.internal.reflect.NativeMethodAccessorImpl.invoke(NativeMethodAccessorImpl.java:77) ~[na:na]
	at java.base/jdk.internal.reflect.DelegatingMethodAccessorImpl.invoke(DelegatingMethodAccessorImpl.java:43) ~[na:na]
	at java.base/java.lang.reflect.Method.invoke(Method.java:568) ~[na:na]
	at org.springframework.boot.devtools.restart.RestartLauncher.run(RestartLauncher.java:49) ~[spring-boot-devtools-3.0.1.jar:3.0.1]
Caused by: org.springframework.beans.factory.BeanCreationException: Error creating bean with name 'orderRepository' defined in com.tacos.repository.jpa.OrderRepository defined in @EnableJpaRepositories declared on JpaRepositoriesRegistrar.EnableJpaRepositoriesConfiguration: Could not create query for public abstract java.util.List com.tacos.repository.jpa.OrderRepository.findByUserOrderByPlacedAtDesc(com.tacos.data.User,org.springframework.data.domain.Pageable); Reason: Failed to create query for method public abstract java.util.List com.tacos.repository.jpa.OrderRepository.findByUserOrderByPlacedAtDesc(com.tacos.data.User,org.springframework.data.domain.Pageable); No property 'placedAt' found for type 'Order' Did you mean ''placeAt''
	at org.springframework.beans.factory.support.AbstractAutowireCapableBeanFactory.initializeBean(AbstractAutowireCapableBeanFactory.java:1751) ~[spring-beans-6.0.3.jar:6.0.3]
	at org.springframework.beans.factory.support.AbstractAutowireCapableBeanFactory.doCreateBean(AbstractAutowireCapableBeanFactory.java:599) ~[spring-beans-6.0.3.jar:6.0.3]
	at org.springframework.beans.factory.support.AbstractAutowireCapableBeanFactory.createBean(AbstractAutowireCapableBeanFactory.java:521) ~[spring-beans-6.0.3.jar:6.0.3]
	at org.springframework.beans.factory.support.AbstractBeanFactory.lambda$doGetBean$0(AbstractBeanFactory.java:326) ~[spring-beans-6.0.3.jar:6.0.3]
	at org.springframework.beans.factory.support.DefaultSingletonBeanRegistry.getSingleton(DefaultSingletonBeanRegistry.java:234) ~[spring-beans-6.0.3.jar:6.0.3]
	at org.springframework.beans.factory.support.AbstractBeanFactory.doGetBean(AbstractBeanFactory.java:324) ~[spring-beans-6.0.3.jar:6.0.3]
	at org.springframework.beans.factory.support.AbstractBeanFactory.getBean(AbstractBeanFactory.java:200) ~[spring-beans-6.0.3.jar:6.0.3]
	at org.springframework.beans.factory.config.DependencyDescriptor.resolveCandidate(DependencyDescriptor.java:254) ~[spring-beans-6.0.3.jar:6.0.3]
	at org.springframework.beans.factory.support.DefaultListableBeanFactory.doResolveDependency(DefaultListableBeanFactory.java:1405) ~[spring-beans-6.0.3.jar:6.0.3]
	at org.springframework.beans.factory.support.DefaultListableBeanFactory.resolveDependency(DefaultListableBeanFactory.java:1325) ~[spring-beans-6.0.3.jar:6.0.3]
	at org.springframework.beans.factory.support.ConstructorResolver.resolveAutowiredArgument(ConstructorResolver.java:885) ~[spring-beans-6.0.3.jar:6.0.3]
	at org.springframework.beans.factory.support.ConstructorResolver.createArgumentArray(ConstructorResolver.java:789) ~[spring-beans-6.0.3.jar:6.0.3]
	... 24 common frames omitted
Caused by: org.springframework.data.repository.query.QueryCreationException: Could not create query for public abstract java.util.List com.tacos.repository.jpa.OrderRepository.findByUserOrderByPlacedAtDesc(com.tacos.data.User,org.springframework.data.domain.Pageable); Reason: Failed to create query for method public abstract java.util.List com.tacos.repository.jpa.OrderRepository.findByUserOrderByPlacedAtDesc(com.tacos.data.User,org.springframework.data.domain.Pageable); No property 'placedAt' found for type 'Order' Did you mean ''placeAt''
	at org.springframework.data.repository.query.QueryCreationException.create(QueryCreationException.java:101) ~[spring-data-commons-3.0.0.jar:3.0.0]
	at org.springframework.data.repository.core.support.QueryExecutorMethodInterceptor.lookupQuery(QueryExecutorMethodInterceptor.java:115) ~[spring-data-commons-3.0.0.jar:3.0.0]
	at org.springframework.data.repository.core.support.QueryExecutorMethodInterceptor.mapMethodsToQuery(QueryExecutorMethodInterceptor.java:99) ~[spring-data-commons-3.0.0.jar:3.0.0]
	at org.springframework.data.repository.core.support.QueryExecutorMethodInterceptor.lambda$new$0(QueryExecutorMethodInterceptor.java:88) ~[spring-data-commons-3.0.0.jar:3.0.0]
	at java.base/java.util.Optional.map(Optional.java:260) ~[na:na]
	at org.springframework.data.repository.core.support.QueryExecutorMethodInterceptor.<init>(QueryExecutorMethodInterceptor.java:88) ~[spring-data-commons-3.0.0.jar:3.0.0]
	at org.springframework.data.repository.core.support.RepositoryFactorySupport.getRepository(RepositoryFactorySupport.java:357) ~[spring-data-commons-3.0.0.jar:3.0.0]
	at org.springframework.data.repository.core.support.RepositoryFactoryBeanSupport.lambda$afterPropertiesSet$5(RepositoryFactoryBeanSupport.java:279) ~[spring-data-commons-3.0.0.jar:3.0.0]
	at org.springframework.data.util.Lazy.getNullable(Lazy.java:229) ~[spring-data-commons-3.0.0.jar:3.0.0]
	at org.springframework.data.util.Lazy.get(Lazy.java:113) ~[spring-data-commons-3.0.0.jar:3.0.0]
	at org.springframework.data.repository.core.support.RepositoryFactoryBeanSupport.afterPropertiesSet(RepositoryFactoryBeanSupport.java:285) ~[spring-data-commons-3.0.0.jar:3.0.0]
	at org.springframework.data.jpa.repository.support.JpaRepositoryFactoryBean.afterPropertiesSet(JpaRepositoryFactoryBean.java:132) ~[spring-data-jpa-3.0.0.jar:3.0.0]
	at org.springframework.beans.factory.support.AbstractAutowireCapableBeanFactory.invokeInitMethods(AbstractAutowireCapableBeanFactory.java:1797) ~[spring-beans-6.0.3.jar:6.0.3]
	at org.springframework.beans.factory.support.AbstractAutowireCapableBeanFactory.initializeBean(AbstractAutowireCapableBeanFactory.java:1747) ~[spring-beans-6.0.3.jar:6.0.3]
	... 35 common frames omitted
Caused by: java.lang.IllegalArgumentException: Failed to create query for method public abstract java.util.List com.tacos.repository.jpa.OrderRepository.findByUserOrderByPlacedAtDesc(com.tacos.data.User,org.springframework.data.domain.Pageable); No property 'placedAt' found for type 'Order' Did you mean ''placeAt''
	at org.springframework.data.jpa.repository.query.PartTreeJpaQuery.<init>(PartTreeJpaQuery.java:96) ~[spring-data-jpa-3.0.0.jar:3.0.0]
	at org.springframework.data.jpa.repository.query.JpaQueryLookupStrategy$CreateQueryLookupStrategy.resolveQuery(JpaQueryLookupStrategy.java:124) ~[spring-data-jpa-3.0.0.jar:3.0.0]
	at org.springframework.data.jpa.repository.query.JpaQueryLookupStrategy$CreateIfNotFoundQueryLookupStrategy.resolveQuery(JpaQueryLookupStrategy.java:258) ~[spring-data-jpa-3.0.0.jar:3.0.0]
	at org.springframework.data.jpa.repository.query.JpaQueryLookupStrategy$AbstractQueryLookupStrategy.resolveQuery(JpaQueryLookupStrategy.java:95) ~[spring-data-jpa-3.0.0.jar:3.0.0]
	at org.springframework.data.repository.core.support.QueryExecutorMethodInterceptor.lookupQuery(QueryExecutorMethodInterceptor.java:111) ~[spring-data-commons-3.0.0.jar:3.0.0]
	... 47 common frames omitted
Caused by: org.springframework.data.mapping.PropertyReferenceException: No property 'placedAt' found for type 'Order' Did you mean ''placeAt''
	at org.springframework.data.mapping.PropertyPath.<init>(PropertyPath.java:90) ~[spring-data-commons-3.0.0.jar:3.0.0]
	at org.springframework.data.mapping.PropertyPath.create(PropertyPath.java:423) ~[spring-data-commons-3.0.0.jar:3.0.0]
	at org.springframework.data.mapping.PropertyPath.create(PropertyPath.java:399) ~[spring-data-commons-3.0.0.jar:3.0.0]
	at org.springframework.data.mapping.PropertyPath.lambda$from$0(PropertyPath.java:352) ~[spring-data-commons-3.0.0.jar:3.0.0]
	at java.base/java.util.concurrent.ConcurrentMap.computeIfAbsent(ConcurrentMap.java:330) ~[na:na]
	at org.springframework.data.mapping.PropertyPath.from(PropertyPath.java:334) ~[spring-data-commons-3.0.0.jar:3.0.0]
	at org.springframework.data.mapping.PropertyPath.from(PropertyPath.java:317) ~[spring-data-commons-3.0.0.jar:3.0.0]
	at org.springframework.data.repository.query.parser.OrderBySource.lambda$createOrder$2(OrderBySource.java:112) ~[spring-data-commons-3.0.0.jar:3.0.0]
	at java.base/java.util.Optional.map(Optional.java:260) ~[na:na]
	at org.springframework.data.repository.query.parser.OrderBySource.createOrder(OrderBySource.java:110) ~[spring-data-commons-3.0.0.jar:3.0.0]
	at org.springframework.data.repository.query.parser.OrderBySource.<init>(OrderBySource.java:94) ~[spring-data-commons-3.0.0.jar:3.0.0]
	at org.springframework.data.repository.query.parser.PartTree$Predicate.<init>(PartTree.java:375) ~[spring-data-commons-3.0.0.jar:3.0.0]
	at org.springframework.data.repository.query.parser.PartTree.<init>(PartTree.java:96) ~[spring-data-commons-3.0.0.jar:3.0.0]
	at org.springframework.data.jpa.repository.query.PartTreeJpaQuery.<init>(PartTreeJpaQuery.java:89) ~[spring-data-jpa-3.0.0.jar:3.0.0]
	... 51 common frames omitted

2023-02-09T20:38:05.187+08:00  WARN 17288 --- [restartedMain] org.hibernate.orm.deprecation            : HHH90000021: Encountered deprecated setting [javax.persistence.sharedCache.mode], use [jakarta.persistence.sharedCache.mode] instead
2023-02-09T20:38:06.642+08:00  WARN 17288 --- [restartedMain] JpaBaseConfiguration$JpaWebConfiguration : spring.jpa.open-in-view is enabled by default. Therefore, database queries may be performed during view rendering. Explicitly configure spring.jpa.open-in-view to disable this warning
2023-02-09T20:38:06.950+08:00  WARN 17288 --- [restartedMain] o.s.s.c.a.web.builders.WebSecurity       : You are asking Spring Security to ignore Mvc [pattern='/resources/**']. This is not recommended -- please use permitAll via HttpSecurity#authorizeHttpRequests instead.
2023-02-09T20:40:48.338+08:00  WARN 17288 --- [restartedMain] org.hibernate.orm.deprecation            : HHH90000021: Encountered deprecated setting [javax.persistence.sharedCache.mode], use [jakarta.persistence.sharedCache.mode] instead
2023-02-09T20:40:48.568+08:00  WARN 17288 --- [restartedMain] JpaBaseConfiguration$JpaWebConfiguration : spring.jpa.open-in-view is enabled by default. Therefore, database queries may be performed during view rendering. Explicitly configure spring.jpa.open-in-view to disable this warning
2023-02-09T20:40:48.653+08:00  WARN 17288 --- [restartedMain] o.s.s.c.a.web.builders.WebSecurity       : You are asking Spring Security to ignore Mvc [pattern='/resources/**']. This is not recommended -- please use permitAll via HttpSecurity#authorizeHttpRequests instead.
2023-02-09T20:55:19.274+08:00  WARN 3516 --- [restartedMain] org.hibernate.orm.deprecation            : HHH90000021: Encountered deprecated setting [javax.persistence.sharedCache.mode], use [jakarta.persistence.sharedCache.mode] instead
2023-02-09T20:55:21.116+08:00  WARN 3516 --- [restartedMain] JpaBaseConfiguration$JpaWebConfiguration : spring.jpa.open-in-view is enabled by default. Therefore, database queries may be performed during view rendering. Explicitly configure spring.jpa.open-in-view to disable this warning
2023-02-09T20:55:21.511+08:00  WARN 3516 --- [restartedMain] o.s.s.c.a.web.builders.WebSecurity       : You are asking Spring Security to ignore Mvc [pattern='/resources/**']. This is not recommended -- please use permitAll via HttpSecurity#authorizeHttpRequests instead.
2023-02-09T21:01:36.052+08:00  WARN 17112 --- [restartedMain] org.hibernate.orm.deprecation            : HHH90000021: Encountered deprecated setting [javax.persistence.sharedCache.mode], use [jakarta.persistence.sharedCache.mode] instead
2023-02-09T21:01:38.156+08:00  WARN 17112 --- [restartedMain] JpaBaseConfiguration$JpaWebConfiguration : spring.jpa.open-in-view is enabled by default. Therefore, database queries may be performed during view rendering. Explicitly configure spring.jpa.open-in-view to disable this warning
2023-02-09T21:01:38.616+08:00  WARN 17112 --- [restartedMain] o.s.s.c.a.web.builders.WebSecurity       : You are asking Spring Security to ignore Mvc [pattern='/resources/**']. This is not recommended -- please use permitAll via HttpSecurity#authorizeHttpRequests instead.
2023-02-09T21:02:55.601+08:00  WARN 17112 --- [restartedMain] org.hibernate.orm.deprecation            : HHH90000021: Encountered deprecated setting [javax.persistence.sharedCache.mode], use [jakarta.persistence.sharedCache.mode] instead
2023-02-09T21:02:55.892+08:00  WARN 17112 --- [restartedMain] JpaBaseConfiguration$JpaWebConfiguration : spring.jpa.open-in-view is enabled by default. Therefore, database queries may be performed during view rendering. Explicitly configure spring.jpa.open-in-view to disable this warning
2023-02-09T21:02:55.991+08:00  WARN 17112 --- [restartedMain] o.s.s.c.a.web.builders.WebSecurity       : You are asking Spring Security to ignore Mvc [pattern='/resources/**']. This is not recommended -- please use permitAll via HttpSecurity#authorizeHttpRequests instead.
2023-02-09T21:03:29.043+08:00  WARN 17112 --- [restartedMain] org.hibernate.orm.deprecation            : HHH90000021: Encountered deprecated setting [javax.persistence.sharedCache.mode], use [jakarta.persistence.sharedCache.mode] instead
2023-02-09T21:03:29.441+08:00  WARN 17112 --- [restartedMain] JpaBaseConfiguration$JpaWebConfiguration : spring.jpa.open-in-view is enabled by default. Therefore, database queries may be performed during view rendering. Explicitly configure spring.jpa.open-in-view to disable this warning
2023-02-09T21:03:29.565+08:00  WARN 17112 --- [restartedMain] o.s.s.c.a.web.builders.WebSecurity       : You are asking Spring Security to ignore Mvc [pattern='/resources/**']. This is not recommended -- please use permitAll via HttpSecurity#authorizeHttpRequests instead.
2023-02-09T21:04:03.246+08:00  WARN 17112 --- [restartedMain] org.hibernate.orm.deprecation            : HHH90000021: Encountered deprecated setting [javax.persistence.sharedCache.mode], use [jakarta.persistence.sharedCache.mode] instead
2023-02-09T21:04:03.861+08:00  WARN 17112 --- [restartedMain] JpaBaseConfiguration$JpaWebConfiguration : spring.jpa.open-in-view is enabled by default. Therefore, database queries may be performed during view rendering. Explicitly configure spring.jpa.open-in-view to disable this warning
2023-02-09T21:04:04.100+08:00  WARN 17112 --- [restartedMain] o.s.s.c.a.web.builders.WebSecurity       : You are asking Spring Security to ignore Mvc [pattern='/resources/**']. This is not recommended -- please use permitAll via HttpSecurity#authorizeHttpRequests instead.
2023-02-09T21:06:42.532+08:00  WARN 17112 --- [restartedMain] org.hibernate.orm.deprecation            : HHH90000021: Encountered deprecated setting [javax.persistence.sharedCache.mode], use [jakarta.persistence.sharedCache.mode] instead
2023-02-09T21:06:44.613+08:00  WARN 17112 --- [restartedMain] JpaBaseConfiguration$JpaWebConfiguration : spring.jpa.open-in-view is enabled by default. Therefore, database queries may be performed during view rendering. Explicitly configure spring.jpa.open-in-view to disable this warning
2023-02-09T21:06:44.938+08:00  WARN 17112 --- [restartedMain] o.s.s.c.a.web.builders.WebSecurity       : You are asking Spring Security to ignore Mvc [pattern='/resources/**']. This is not recommended -- please use permitAll via HttpSecurity#authorizeHttpRequests instead.
2023-02-09T21:06:47.363+08:00  WARN 17112 --- [restartedMain] org.hibernate.orm.deprecation            : HHH90000021: Encountered deprecated setting [javax.persistence.sharedCache.mode], use [jakarta.persistence.sharedCache.mode] instead
2023-02-09T21:06:47.647+08:00  WARN 17112 --- [restartedMain] JpaBaseConfiguration$JpaWebConfiguration : spring.jpa.open-in-view is enabled by default. Therefore, database queries may be performed during view rendering. Explicitly configure spring.jpa.open-in-view to disable this warning
2023-02-09T21:06:47.751+08:00  WARN 17112 --- [restartedMain] o.s.s.c.a.web.builders.WebSecurity       : You are asking Spring Security to ignore Mvc [pattern='/resources/**']. This is not recommended -- please use permitAll via HttpSecurity#authorizeHttpRequests instead.
